start: start_reverse
accept: end_reverse
reject: rj
blank: _
start_reverse _ -> end_reverse _ ^
start_reverse [0, 1] -> reverse_to_end [0, 1] >
reverse_to_end [0, 1] >
reverse_to_end _ -> reverse_take _ <
reverse_take 0 -> reverse_write_0 a >
reverse_take 1 -> reverse_write_1 b >
reverse_take _ -> reverse_cleanup _ >
reverse_write_0 [0, 1, a, b] >
reverse_write_1 [0, 1, a, b] >
reverse_write_0 _ -> reverse_return 0 <
reverse_write_1 _ -> reverse_return 1 <
reverse_return [0, 1] <
reverse_return [a, b] -> reverse_take [a, b] <
reverse_take [a, b] <
reverse_cleanup [a, b] -> reverse_cleanup _ >
reverse_cleanup [0, 1] -> end_reverse [0, 1] ^
