3
S | _ _ -> S _ > | > | >
S 0 _ _ -> S _ > 0 > 0 >
S 1 _ _ -> S _ > 1 > 1 >
S _ _ _ -> check_zero_true _ ^ _ < _ <
check_zero_true _ 0 0 -> check_zero_true _ ^ 0 < 0 <
check_zero_true _ 1 0 -> check_zero_true _ ^ 1 < 0 <
check_zero_true _ | | -> write_and_continue _ ^ | > | >
check_zero_true _ _ _ -> write_and_decrement _ ^ _ > _ >
write_and_continue _ 0 0 -> write_and_continue 0 > 0 > x >
write_and_continue _ 1 0 -> write_and_continue 1 > 1 > x >
write_and_continue _ _ _ -> checking_next_number | > _ < _ <
write_and_continue _ _ | -> checking_next_number | > _ < | <
write_and_continue _ | _ -> checking_next_number | > | < _ <
write_and_continue _ | | -> checking_next_number | > | < | <
write_and_decrement _ 0 0 -> write_and_decrement 0 > 0 > x >
write_and_decrement _ 1 0 -> write_and_decrement 1 > 1 > x >
write_and_decrement _ _ _ -> go_to_start_and_check_finished | > _ < _ <
write_and_decrement _ _ | -> go_to_start_and_check_finished | > _ < | <
write_and_decrement _ | _ -> go_to_start_and_check_finished | > | < _ <
write_and_decrement _ | | -> go_to_start_and_check_finished | > | < | <
checking_next_number _ 0 x -> checking_next_number _ ^ 0 < x <
checking_next_number _ 1 x -> checking_next_number _ ^ 1 < x <
checking_next_number _ | | -> check_zero_true _ ^ | < | <
check_zero_true _ 0 1 -> check_zero_false _ ^ 0 < 1 <
check_zero_true _ 0 x -> check_zero_false _ ^ 0 < x <
check_zero_true _ 1 1 -> check_zero_false _ ^ 1 < 1 <
check_zero_true _ 1 x -> check_zero_false _ ^ 1 < x <
check_zero_false _ 0 0 -> check_zero_false _ ^ 0 < 0 <
check_zero_false _ 0 1 -> check_zero_false _ ^ 0 < 1 <
check_zero_false _ 0 x -> check_zero_false _ ^ 0 < x <
check_zero_false _ 1 0 -> check_zero_false _ ^ 1 < 0 <
check_zero_false _ 1 1 -> check_zero_false _ ^ 1 < 1 <
check_zero_false _ 1 x -> check_zero_false _ ^ 1 < x <
check_zero_false _ | | -> check_zero_true _ ^ | < | <
check_zero_false _ _ _ -> go_to_start_and_check_finished _ ^ _ > _ >
go_to_start_and_check_finished _ | | -> go_to_start_and_check_finished _ ^ | < | <
go_to_start_and_check_finished _ | x -> go_to_start_and_check_finished _ ^ | < x <
go_to_start_and_check_finished _ 0 | -> go_to_start_and_check_finished _ ^ 0 < | <
go_to_start_and_check_finished _ 0 x -> go_to_start_and_check_finished _ ^ 0 < x <
go_to_start_and_check_finished _ 1 | -> go_to_start_and_check_finished _ ^ 1 < | <
go_to_start_and_check_finished _ 1 x -> go_to_start_and_check_finished _ ^ 1 < x <
go_to_start_and_check_finished _ 0 0 -> go_to_end_and_decrement _ ^ 0 > 0 >
go_to_start_and_check_finished _ 0 1 -> go_to_end_and_decrement _ ^ 0 > 1 >
go_to_start_and_check_finished _ 1 0 -> go_to_end_and_decrement _ ^ 1 > 0 >
go_to_start_and_check_finished _ 1 1 -> go_to_end_and_decrement _ ^ 1 > 1 >
go_to_start_and_check_finished _ _ _ -> go_to_end_and_check_finished _ ^ _ > _ >
go_to_end_and_check_finished _ | | -> go_to_end_and_check_finished _ ^ | > | >
go_to_end_and_check_finished _ | x -> go_to_end_and_check_finished _ ^ | > x >
go_to_end_and_check_finished _ 0 | -> go_to_end_and_check_finished _ ^ 0 > | >
go_to_end_and_check_finished _ 0 x -> go_to_end_and_check_finished _ ^ 0 > x >
go_to_end_and_check_finished _ 1 | -> go_to_end_and_check_finished _ ^ 1 > | >
go_to_end_and_check_finished _ 1 x -> go_to_end_and_check_finished _ ^ 1 > x >
go_to_end_and_check_finished _ 0 0 -> go_to_end_and_decrement _ ^ 0 > 0 >
go_to_end_and_check_finished _ 0 1 -> go_to_end_and_decrement _ ^ 0 > 1 >
go_to_end_and_check_finished _ 1 0 -> go_to_end_and_decrement _ ^ 1 > 0 >
go_to_end_and_check_finished _ 1 1 -> go_to_end_and_decrement _ ^ 1 > 1 >
go_to_end_and_check_finished _ _ _ -> finish _ < _ ^ _ ^
finish | _ _ -> finish_go_to_start _ < _ ^ _ ^
finish_go_to_start | _ _ -> finish_go_to_start | < _ ^ _ ^
finish_go_to_start 0 _ _ -> finish_go_to_start 0 < _ ^ _ ^
finish_go_to_start 1 _ _ -> finish_go_to_start 1 < _ ^ _ ^
finish_go_to_start _ _ _ -> AC _ > _ ^ _ ^
go_to_end_and_decrement _ | | -> go_to_end_and_decrement _ ^ | > | >
go_to_end_and_decrement _ | 0 -> go_to_end_and_decrement _ ^ | > 0 >
go_to_end_and_decrement _ | 1 -> go_to_end_and_decrement _ ^ | > 1 >
go_to_end_and_decrement _ | x -> go_to_end_and_decrement _ ^ | > x >
go_to_end_and_decrement _ 0 | -> go_to_end_and_decrement _ ^ 0 > | >
go_to_end_and_decrement _ 0 0 -> go_to_end_and_decrement _ ^ 0 > 0 >
go_to_end_and_decrement _ 0 1 -> go_to_end_and_decrement _ ^ 0 > 1 >
go_to_end_and_decrement _ 0 x -> go_to_end_and_decrement _ ^ 0 > x >
go_to_end_and_decrement _ 1 | -> go_to_end_and_decrement _ ^ 1 > | >
go_to_end_and_decrement _ 1 0 -> go_to_end_and_decrement _ ^ 1 > 0 >
go_to_end_and_decrement _ 1 1 -> go_to_end_and_decrement _ ^ 1 > 1 >
go_to_end_and_decrement _ 1 x -> go_to_end_and_decrement _ ^ 1 > x >
go_to_end_and_decrement _ _ _ -> decrement _ ^ _ < _ <
decrement _ | | -> decrement _ ^ | < | <
decrement _ | x -> decrement _ ^ | < x <
decrement _ 0 | -> decrement _ ^ 0 < | <
decrement _ 0 x -> decrement _ ^ 0 < x <
decrement _ 1 | -> decrement _ ^ 1 < | <
decrement _ 1 x -> decrement _ ^ 1 < x <
decrement _ 0 0 -> decrement _ ^ 0 < 1 <
decrement _ 1 0 -> decrement _ ^ 1 < 1 <
decrement _ 0 1 -> decrement_next _ ^ 0 < 0 <
decrement _ 1 1 -> decrement_next _ ^ 1 < 0 <
decrement _ _ _ -> go_to_end_and_check_zeros _ ^ _ > _ >
decrement_next _ 0 0 -> decrement_next _ ^ 0 < 0 <
decrement_next _ 0 1 -> decrement_next _ ^ 0 < 1 <
decrement_next _ 1 0 -> decrement_next _ ^ 1 < 0 <
decrement_next _ 1 1 -> decrement_next _ ^ 1 < 1 <
decrement_next _ | | -> decrement _ ^ | < | <
decrement_next _ _ _ -> go_to_end_and_check_zeros _ ^ _ > _ >
go_to_end_and_check_zeros _ | | -> go_to_end_and_check_zeros _ ^ | > | >
go_to_end_and_check_zeros _ | 0 -> go_to_end_and_check_zeros _ ^ | > 0 >
go_to_end_and_check_zeros _ | 1 -> go_to_end_and_check_zeros _ ^ | > 1 >
go_to_end_and_check_zeros _ | x -> go_to_end_and_check_zeros _ ^ | > x >
go_to_end_and_check_zeros _ 0 | -> go_to_end_and_check_zeros _ ^ 0 > | >
go_to_end_and_check_zeros _ 0 0 -> go_to_end_and_check_zeros _ ^ 0 > 0 >
go_to_end_and_check_zeros _ 0 1 -> go_to_end_and_check_zeros _ ^ 0 > 1 >
go_to_end_and_check_zeros _ 0 x -> go_to_end_and_check_zeros _ ^ 0 > x >
go_to_end_and_check_zeros _ 1 | -> go_to_end_and_check_zeros _ ^ 1 > | >
go_to_end_and_check_zeros _ 1 0 -> go_to_end_and_check_zeros _ ^ 1 > 0 >
go_to_end_and_check_zeros _ 1 1 -> go_to_end_and_check_zeros _ ^ 1 > 1 >
go_to_end_and_check_zeros _ 1 x -> go_to_end_and_check_zeros _ ^ 1 > x >
go_to_end_and_check_zeros _ _ _ -> check_zero_true _ ^ _ < _ <
