start: s
accept: ac
reject: rj
blank: _
s _ -> ac _ ^
s 0 -> go_0 a >
s 1 -> go_1 b >
s 2 -> go_2 c >
s p -> start_erasing p <
go_0 0 -> go_0 0 >
go_0 1 -> go_0 1 >
go_0 2 -> go_0 2 >
go_1 0 -> go_1 0 >
go_1 1 -> go_1 1 >
go_1 2 -> go_1 2 >
go_2 0 -> go_2 0 >
go_2 1 -> go_2 1 >
go_2 2 -> go_2 2 >
go_0 _ -> go_0 x ^
go_1 _ -> go_1 y ^
go_2 _ -> go_2 z ^
go_0 p -> go_0 x ^
go_1 p -> go_1 y ^
go_2 p -> go_2 z ^
go_0 x -> start_mul x >
go_1 y -> start_mul y >
go_2 z -> start_mul z >
start_mul _ -> add 0 <
start_mul + -> add + <
start_mul 0 -> copy_0 a >
start_mul 1 -> copy_1 b >
copy_0 0 -> copy_0 0 >
copy_0 1 -> copy_0 1 >
copy_1 0 -> copy_1 0 >
copy_1 1 -> copy_1 1 >
copy_0 _ -> kkk_0 + >
kkk_0 _ -> put_0 0 >
copy_1 _ -> kkk_1 + >
kkk_1 _ -> put_1 0 >
put_0 _ > copy_repeat 0 <
copy_0 + -> put_0 + >
copy_1 + -> put_1 + >
put_1 _ > copy_repeat 1 <
put_0 0 -> put_0 0 >
put_0 1 -> put_0 1 >
put_1 0 -> put_1 0 >
put_1 1 -> put_1 1 >
copy_repeat + -> copy_repeat + <
copy_repeat 0 -> copy_repeat 0 <
copy_repeat 1 -> copy_repeat 1 <
copy_repeat a -> start_mul a >
copy_repeat b -> start_mul b >
add 0 -> add 0 <
add 1 -> add 1 <
add a -> rename a <
add b -> rename b <
rename x -> do_rename x >
rename y -> do_rename y >
rename z -> do_rename z >
rename a -> rename a <
rename b -> rename b <
do_rename a -> do_rename 0 >
do_rename b -> do_rename 1 >
do_rename 0 -> start_mul 0 ^
do_rename 1 -> start_mul 1 ^
do_rename + -> start_sum + <
add x -> begin_3 p <
add y -> plus_1 p >
add z -> plus_2 p >
plus_1 0 -> begin_2 1 <
plus_1 1 -> plus_1 0 >
plus_1 _ -> begin_2 1 <
plus_2 0 -> begin_2_plus 1 <
plus_2 1 -> plus_2 0 >
plus_2 _ -> begin_2_plus 1 <
begin_2_plus 0 -> begin_2_plus 0 <
begin_2_plus 1 -> begin_2_plus 1 <
begin_2_plus p -> plus_1 p >
begin_2 0 -> begin_2 0 <
begin_2 1 -> begin_2 1 <
begin_2 p -> begin_3 p <
begin_3 0 -> begin_3 0 <
begin_3 1 -> begin_3 1 <
begin_3 2 -> begin_3 2 <
begin_3 a -> s a >
begin_3 b -> s b >
begin_3 c -> s c >
start_sum 0 -> start_sum 0 <
start_sum 1 -> start_sum 1 <
start_sum x -> sum_a_b_decr x >
start_sum y -> sum_a_b_decr y >
start_sum z -> sum_a_b_decr z >
sum_a_b_decr 0 -> sum_a_b_decr 1 >
sum_a_b_decr 1 -> sum_a_b_nxt 0 >
sum_a_b_decr + -> sum_a_b_ers + >
sum_a_b_nxt 0 -> sum_a_b_nxt 0 >
sum_a_b_nxt 1 -> sum_a_b_nxt 1 >
sum_a_b_nxt + -> sum_a_b_incr + >
sum_a_b_incr 0 -> sum_a_b_ret 1 <
sum_a_b_incr 1 -> sum_a_b_incr 0 >
sum_a_b_incr _ -> sum_a_b_ret 1 <
sum_a_b_ret 0 -> sum_a_b_ret 0 <
sum_a_b_ret 1 -> sum_a_b_ret 1 <
sum_a_b_ret + -> sum_a_b_ret + <
sum_a_b_ret x -> sum_a_b_decr x >
sum_a_b_ret y -> sum_a_b_decr y >
sum_a_b_ret z -> sum_a_b_decr z >
sum_a_b_ers 0 -> sum_a_b_ers 0 >
sum_a_b_ers 1 -> sum_a_b_ers 1 >
sum_a_b_ers _ -> sum_a_b_mark _ <
sum_a_b_mark 0 -> sum_a_b_ers_back a <
sum_a_b_mark 1 -> sum_a_b_ers_back b <
sum_a_b_ers_back 0 -> sum_a_b_ers_back 0 <
sum_a_b_ers_back 1 -> sum_a_b_ers_back 1 <
sum_a_b_ers_back + -> sum_a_b_ers_fst _ <
sum_a_b_ers_fst 0 -> sum_a_b_ers_fst _ <
sum_a_b_ers_fst 1 -> sum_a_b_ers_fst _ <
sum_a_b_ers_fst x -> sum_a_b_ers_clr x >
sum_a_b_ers_fst y -> sum_a_b_ers_clr y >
sum_a_b_ers_fst z -> sum_a_b_ers_clr z >
sum_a_b_ers_clr _ -> sum_a_b_take _ >
sum_a_b_ers_clr 0 -> sum_a_b_ers_clr _ >
sum_a_b_ers_clr 1 -> sum_a_b_ers_clr _ >
sum_a_b_take _ -> sum_a_b_take _ >
sum_a_b_take 0 -> sum_a_b_ers_wrt_0 _ <
sum_a_b_take 1 -> sum_a_b_ers_wrt_1 _ <
sum_a_b_take a -> sum_a_b_ers_wrt_0_end _ <
sum_a_b_take b -> sum_a_b_ers_wrt_1_end _ <
sum_a_b_ers_wrt_0 _ -> sum_a_b_ers_wrt_0 _ <
sum_a_b_ers_wrt_0 0 -> +sum_a_b_ers_wrt_0_put 0 >
sum_a_b_ers_wrt_0 1 -> +sum_a_b_ers_wrt_0_put 1 >
+sum_a_b_ers_wrt_0_put _ -> sum_a_b_take 0 >
sum_a_b_ers_wrt_1 _ -> sum_a_b_ers_wrt_1 _ <
sum_a_b_ers_wrt_1 1 -> +sum_a_b_ers_wrt_1_put 1 >
sum_a_b_ers_wrt_1 1 -> +sum_a_b_ers_wrt_1_put 1 >
+sum_a_b_ers_wrt_1_put _ -> sum_a_b_take 1 >
sum_a_b_ers_wrt_0_end _ -> sum_a_b_ers_wrt_0_end _ <
sum_a_b_ers_wrt_0_end 0 -> sum_a_b_ers_wrt_0_2_end 0 >
sum_a_b_ers_wrt_0_end 1 -> sum_a_b_ers_wrt_0_2_end 1 >
sum_a_b_ers_wrt_0_2_end _ -> add 0 <
sum_a_b_ers_wrt_1_end _ -> sum_a_b_ers_wrt_1_end _ <
sum_a_b_ers_wrt_1_end 0 -> sum_a_b_ers_wrt_1_2_end 0 >
sum_a_b_ers_wrt_1_end 1 -> sum_a_b_ers_wrt_1_2_end 1 >
sum_a_b_ers_wrt_1_2_end _ -> add 1 <
sum_a_b_ers_wrt_0 x -> +sum_a_b_ers_wrt_0_put x >
sum_a_b_ers_wrt_0 y -> +sum_a_b_ers_wrt_0_put y >
sum_a_b_ers_wrt_0 z -> +sum_a_b_ers_wrt_0_put z >
sum_a_b_ers_wrt_1 x -> +sum_a_b_ers_wrt_1_put x >
sum_a_b_ers_wrt_1 y -> +sum_a_b_ers_wrt_1_put y >
sum_a_b_ers_wrt_1 z -> +sum_a_b_ers_wrt_1_put z >
start_erasing a -> start_erasing a <
start_erasing b -> start_erasing b <
start_erasing c -> start_erasing c <
start_erasing _ -> do_erasing _ >
do_erasing a -> do_erasing _ >
do_erasing b -> do_erasing _ >
do_erasing c -> do_erasing _ >
do_erasing p -> reverse_s _ >
reverse_s _ -> ac _ ^
reverse_s 0 -> reverse_frstend 0 >
reverse_s 1 -> reverse_frstend 1 >
reverse_frstend _ -> reverse_read _ <
reverse_frstend 0 -> reverse_frstend 0 >
reverse_frstend 1 -> reverse_frstend 1 >
reverse_read 0 -> reverse_writea a >
reverse_read 1 -> reverse_writeb b >
reverse_read a -> reverse_read a <
reverse_read b -> reverse_read b <
reverse_read _ -> reverse_erase _ >
reverse_erase a -> reverse_erase _ >
reverse_erase b -> reverse_erase _ >
reverse_erase 0 -> ac 0 ^
reverse_erase 1 -> ac 1 ^
reverse_writea 0 -> reverse_writea 0 >
reverse_writea 1 -> reverse_writea 1 >
reverse_writea a -> reverse_writea a >
reverse_writea b -> reverse_writea b >
reverse_writea _ -> reverse_back 0 <
reverse_writeb 0 -> reverse_writeb 0 >
reverse_writeb 1 -> reverse_writeb 1 >
reverse_writeb a -> reverse_writeb a >
reverse_writeb b -> reverse_writeb b >
reverse_writeb _ -> reverse_back 1 <
reverse_back 0 -> reverse_back 0 <
reverse_back 1 -> reverse_back 1 <
reverse_back a -> reverse_read a <
reverse_back b -> reverse_read b <
