start: s
accept: ac
reject: rj
blank: _
s 0 -> maybe_0 0 >
s 1 -> first 1 >
maybe_0 < -> check_not_0 < >
maybe_0 0 -> maybe_0 0 >
maybe_0 1 -> first 1 >
check_not_0 _ -> rj _ ^
check_not_0 0 -> check_not_0 0 >
check_not_0 1 -> ac 1 ^
first 0 -> first 0 >
first 1 -> first 1 >
first < -> del < <
first x -> del x <
del 0 -> next_0 x >
del 1 -> next_1 x >
next_0 x -> next_0 x >
next_0 y -> check_0 y <
next_0 < -> next_0 < >
next_0 0 -> next_0 0 >
next_0 1 -> next_0 1 >
next_0 _ -> check_0 _ <
next_1 x -> next_1 x >
next_1 y -> check_1 y <
next_1 < -> next_1 < >
next_1 0 -> next_1 0 >
next_1 1 -> next_1 1 >
next_1 _ -> check_1 _ <
check_0 0 -> bad y <
check_1 1 -> bad y <
check_0 1 -> good y <
check_1 0 -> bad y <
good 0 -> good 0 <
good 1 -> good 1 <
good < -> good_2 < <
bad 0 -> bad 0 <
bad 1 -> bad 1 <
bad < -> bad_2 < <
bad_2 x -> bad_2 x <
bad_2 _ -> last_hope _ >
bad_2 0 -> del 0 ^
bad_2 1 -> del 1 ^
good_2 x -> good_2 x <
good_2 0 -> good_del 0 ^
good_2 1 -> good_del 1 ^
good_2 _ -> ac _ ^
good_del 0 -> good_next_0 x >
good_del 1 -> good_next_1 x >
good_next_0 x -> good_next_0 x >
good_next_0 y -> good_check_0 y <
good_next_0 < -> good_next_0 < >
good_next_0 0 -> good_next_0 0 >
good_next_0 1 -> good_next_0 1 >
good_next_0 _ -> good_check_0 _ <
good_next_1 x -> good_next_1 x >
good_next_1 y -> good_check_1 y <
good_next_1 < -> good_next_1 < >
good_next_1 0 -> good_next_1 0 >
good_next_1 1 -> good_next_1 1 >
good_next_1 _ -> good_check_1 _ <
good_check_0 0 -> good y <
good_check_1 1 -> good y <
good_check_0 1 -> good y <
good_check_1 0 -> bad y <
last_hope x -> last_hope x >
last_hope < -> last_hope < >
last_hope 1 -> ac 1 ^
