1
S _ -> AC _ ^
S 0 -> do_again 0 >
S 1 -> do_again 1 >
find_first a -> find_first a <
find_first o -> find_first o <
find_first x -> find_first x <
find_first 0 -> find_second 0 <
find_first 1 -> find_second 1 <
find_second 0 -> calculate_op_0 x >
find_second 1 -> calculate_op_1 x >
find_second a -> find_first a <
find_second o -> find_first o <
find_second x -> find_second x <
calculate_op_0 x -> calculate_op_0 x >
calculate_op_1 x -> calculate_op_1 x >
calculate_op_0 0 -> calculate_op_none x >
calculate_op_0 1 -> calculate_op_xor x >
calculate_op_1 0 -> calculate_op_xor x >
calculate_op_1 1 -> calculate_op_and x >
calculate_op_none x -> calculate_op_none x >
calculate_op_xor x -> calculate_op_xor x >
calculate_op_and x -> calculate_op_and x >
calculate_op_none a -> do_again 0 >
calculate_op_none o -> do_again 0 >
calculate_op_xor a -> do_again 0 >
calculate_op_xor o -> do_again 1 >
calculate_op_and a -> do_again 1 >
calculate_op_and o -> do_again 1 >
do_again 0 -> do_again 0 >
do_again 1 -> do_again 1 >
do_again a -> do_again a >
do_again o -> do_again o >
do_again x -> do_again x >
do_again _ -> find_op _ <
find_op x -> find_op _ <
find_op a -> find_first a <
find_op o -> find_first o <
find_op 0 -> clear 0 <
find_op 1 -> clear 1 <
clear x -> clear _ <
clear _ -> finish _ >
finish _ -> finish _ >
finish 0 -> AC 0 ^
finish 1 -> AC 1 ^
